

Started GET "/" for ::1 at 2015-03-16 11:20:50 -0400
Processing by StaticController#home as HTML
  Rendered static/home.html.erb within layouts/application (1.5ms)
Completed 200 OK in 1249ms (Views: 1240.9ms | ActiveRecord: 0.0ms)


Started GET "/assets/static-82a498a070a0c2a1898aea1e0351660e.css?body=1" for ::1 at 2015-03-16 11:20:52 -0400


Started GET "/assets/application-a8f66348a237c3a3ddd1919a96868ef3.css?body=1" for ::1 at 2015-03-16 11:20:52 -0400


Started GET "/assets/jquery-87424c3c19e96d4fb033c10ebe21ec40.js?body=1" for ::1 at 2015-03-16 11:20:52 -0400


Started GET "/assets/application-45cc1e0f90694d1378a7f208e2f7ed74.js?body=1" for ::1 at 2015-03-16 11:20:52 -0400


Started GET "/assets/jquery_ujs-e27bd20a10d28155845a22d71ef94f2f.js?body=1" for ::1 at 2015-03-16 11:20:52 -0400


Started GET "/assets/turbolinks-f87b3583ca50adb0488b031297f5580d.js?body=1" for ::1 at 2015-03-16 11:20:52 -0400


Started GET "/assets/static-34e79a77c847698f70de32962b3f4d98.js?body=1" for ::1 at 2015-03-16 11:20:52 -0400


Started GET "/" for ::1 at 2015-03-16 11:41:13 -0400
Processing by StaticController#home as HTML
  Rendered static/home.html.erb within layouts/application (14.4ms)
Completed 500 Internal Server Error in 29ms

ActionView::Template::Error (undefined local variable or method `cat_pictures_path' for #<#<Class:0x007ff2b4b33a40>:0x007ff2b4b28190>):
    4: <ul>
    5: 	<li><%= link_to 'Home', root_path %></li>
    6: 	<li><%= link_to 'About', about_path %></li>
    7: 	<li><%= link_to 'Cat Pictures', cat_pictures_path %></li>
    8: </ul>
  app/views/static/home.html.erb:7:in `_app_views_static_home_html_erb___2481614067572270130_70340195049020'


  Rendered /Users/jakecrandell/.rbenv/versions/2.1.2/lib/ruby/gems/2.1.0/gems/actionpack-4.2.0/lib/action_dispatch/middleware/templates/rescues/_source.erb (9.8ms)
  Rendered /Users/jakecrandell/.rbenv/versions/2.1.2/lib/ruby/gems/2.1.0/gems/actionpack-4.2.0/lib/action_dispatch/middleware/templates/rescues/_trace.html.erb (2.9ms)
  Rendered /Users/jakecrandell/.rbenv/versions/2.1.2/lib/ruby/gems/2.1.0/gems/actionpack-4.2.0/lib/action_dispatch/middleware/templates/rescues/_request_and_response.html.erb (1.0ms)
  Rendered /Users/jakecrandell/.rbenv/versions/2.1.2/lib/ruby/gems/2.1.0/gems/actionpack-4.2.0/lib/action_dispatch/middleware/templates/rescues/template_error.html.erb within rescues/layout (35.1ms)
  Rendered /Users/jakecrandell/.rbenv/versions/2.1.2/lib/ruby/gems/2.1.0/gems/web-console-2.1.2/lib/web_console/templates/_markup.html.erb (0.3ms)
  Rendered /Users/jakecrandell/.rbenv/versions/2.1.2/lib/ruby/gems/2.1.0/gems/web-console-2.1.2/lib/web_console/templates/style.css.erb within layouts/inlined_string (0.3ms)
  Rendered /Users/jakecrandell/.rbenv/versions/2.1.2/lib/ruby/gems/2.1.0/gems/web-console-2.1.2/lib/web_console/templates/_inner_console_markup.html.erb within layouts/inlined_string (0.2ms)
  Rendered /Users/jakecrandell/.rbenv/versions/2.1.2/lib/ruby/gems/2.1.0/gems/web-console-2.1.2/lib/web_console/templates/_prompt_box_markup.html.erb within layouts/inlined_string (0.2ms)
  Rendered /Users/jakecrandell/.rbenv/versions/2.1.2/lib/ruby/gems/2.1.0/gems/web-console-2.1.2/lib/web_console/templates/console.js.erb within layouts/javascript (16.9ms)
  Rendered /Users/jakecrandell/.rbenv/versions/2.1.2/lib/ruby/gems/2.1.0/gems/web-console-2.1.2/lib/web_console/templates/main.js.erb within layouts/javascript (0.2ms)
  Rendered /Users/jakecrandell/.rbenv/versions/2.1.2/lib/ruby/gems/2.1.0/gems/web-console-2.1.2/lib/web_console/templates/error_page.js.erb within layouts/javascript (0.4ms)
  Rendered /Users/jakecrandell/.rbenv/versions/2.1.2/lib/ruby/gems/2.1.0/gems/web-console-2.1.2/lib/web_console/templates/index.html.erb (40.1ms)


Started GET "/" for ::1 at 2015-03-16 11:45:13 -0400
Processing by StaticController#home as HTML
  Rendered static/home.html.erb within layouts/application (1.4ms)
Completed 200 OK in 75ms (Views: 66.9ms | ActiveRecord: 0.0ms)


Started GET "/assets/jquery-87424c3c19e96d4fb033c10ebe21ec40.js?body=1" for ::1 at 2015-03-16 11:45:13 -0400


Started GET "/assets/application-a8f66348a237c3a3ddd1919a96868ef3.css?body=1" for ::1 at 2015-03-16 11:45:13 -0400


Started GET "/assets/turbolinks-f87b3583ca50adb0488b031297f5580d.js?body=1" for ::1 at 2015-03-16 11:45:13 -0400


Started GET "/assets/jquery_ujs-e27bd20a10d28155845a22d71ef94f2f.js?body=1" for ::1 at 2015-03-16 11:45:13 -0400


Started GET "/assets/static-82a498a070a0c2a1898aea1e0351660e.css?body=1" for ::1 at 2015-03-16 11:45:13 -0400


Started GET "/assets/static-34e79a77c847698f70de32962b3f4d98.js?body=1" for ::1 at 2015-03-16 11:45:13 -0400


Started GET "/assets/application-45cc1e0f90694d1378a7f208e2f7ed74.js?body=1" for ::1 at 2015-03-16 11:45:13 -0400


Started GET "/cat-pictures" for ::1 at 2015-03-16 11:45:15 -0400
Processing by StaticController#cats as HTML
  Rendered static/cats.html.erb within layouts/application (0.5ms)
Completed 200 OK in 771ms (Views: 40.9ms | ActiveRecord: 0.0ms)


Started GET "/cat-pictures" for ::1 at 2015-03-16 11:45:20 -0400
Processing by StaticController#cats as HTML
  Rendered static/cats.html.erb within layouts/application (0.6ms)
Completed 200 OK in 740ms (Views: 45.2ms | ActiveRecord: 0.0ms)


Started GET "/assets/application-a8f66348a237c3a3ddd1919a96868ef3.css?body=1" for ::1 at 2015-03-16 11:45:20 -0400


Started GET "/assets/static-82a498a070a0c2a1898aea1e0351660e.css?body=1" for ::1 at 2015-03-16 11:45:20 -0400


Started GET "/assets/jquery-87424c3c19e96d4fb033c10ebe21ec40.js?body=1" for ::1 at 2015-03-16 11:45:21 -0400


Started GET "/assets/static-34e79a77c847698f70de32962b3f4d98.js?body=1" for ::1 at 2015-03-16 11:45:21 -0400


Started GET "/assets/jquery_ujs-e27bd20a10d28155845a22d71ef94f2f.js?body=1" for ::1 at 2015-03-16 11:45:21 -0400


Started GET "/assets/turbolinks-f87b3583ca50adb0488b031297f5580d.js?body=1" for ::1 at 2015-03-16 11:45:21 -0400


Started GET "/assets/application-45cc1e0f90694d1378a7f208e2f7ed74.js?body=1" for ::1 at 2015-03-16 11:45:21 -0400


Started GET "/cat-pictures" for ::1 at 2015-03-16 11:45:25 -0400
Processing by StaticController#cats as HTML
  Rendered static/cats.html.erb within layouts/application (0.1ms)
Completed 200 OK in 825ms (Views: 56.7ms | ActiveRecord: 0.0ms)


Started GET "/assets/static-82a498a070a0c2a1898aea1e0351660e.css?body=1" for ::1 at 2015-03-16 11:45:26 -0400


Started GET "/assets/jquery_ujs-e27bd20a10d28155845a22d71ef94f2f.js?body=1" for ::1 at 2015-03-16 11:45:26 -0400


Started GET "/assets/jquery-87424c3c19e96d4fb033c10ebe21ec40.js?body=1" for ::1 at 2015-03-16 11:45:26 -0400


Started GET "/assets/turbolinks-f87b3583ca50adb0488b031297f5580d.js?body=1" for ::1 at 2015-03-16 11:45:26 -0400


Started GET "/assets/application-a8f66348a237c3a3ddd1919a96868ef3.css?body=1" for ::1 at 2015-03-16 11:45:26 -0400


Started GET "/assets/static-34e79a77c847698f70de32962b3f4d98.js?body=1" for ::1 at 2015-03-16 11:45:26 -0400


Started GET "/assets/application-45cc1e0f90694d1378a7f208e2f7ed74.js?body=1" for ::1 at 2015-03-16 11:45:26 -0400


Started GET "/cat-pictures" for ::1 at 2015-03-16 11:45:33 -0400
Processing by StaticController#cats as HTML
  Rendered static/cats.html.erb within layouts/application (0.1ms)
Completed 200 OK in 855ms (Views: 51.0ms | ActiveRecord: 0.0ms)


Started GET "/assets/jquery-87424c3c19e96d4fb033c10ebe21ec40.js?body=1" for ::1 at 2015-03-16 11:45:34 -0400


Started GET "/assets/application-a8f66348a237c3a3ddd1919a96868ef3.css?body=1" for ::1 at 2015-03-16 11:45:34 -0400


Started GET "/assets/turbolinks-f87b3583ca50adb0488b031297f5580d.js?body=1" for ::1 at 2015-03-16 11:45:34 -0400


Started GET "/assets/jquery_ujs-e27bd20a10d28155845a22d71ef94f2f.js?body=1" for ::1 at 2015-03-16 11:45:34 -0400


Started GET "/assets/static-82a498a070a0c2a1898aea1e0351660e.css?body=1" for ::1 at 2015-03-16 11:45:34 -0400


Started GET "/assets/static-34e79a77c847698f70de32962b3f4d98.js?body=1" for ::1 at 2015-03-16 11:45:34 -0400


Started GET "/assets/application-45cc1e0f90694d1378a7f208e2f7ed74.js?body=1" for ::1 at 2015-03-16 11:45:34 -0400


Started GET "/" for ::1 at 2015-03-16 11:46:06 -0400
Processing by StaticController#home as HTML
  Rendered static/home.html.erb within layouts/application (0.7ms)
Completed 200 OK in 58ms (Views: 57.2ms | ActiveRecord: 0.0ms)


Started GET "/cat-pictures" for ::1 at 2015-03-16 11:46:08 -0400
Processing by StaticController#cats as HTML
  Rendered static/cats.html.erb within layouts/application (0.1ms)
Completed 200 OK in 874ms (Views: 47.7ms | ActiveRecord: 0.0ms)


Started GET "/cat-pictures" for ::1 at 2015-03-16 11:46:16 -0400
Processing by StaticController#cats as HTML
  Rendered static/cats.html.erb within layouts/application (0.1ms)
Completed 200 OK in 816ms (Views: 50.8ms | ActiveRecord: 0.0ms)


Started GET "/cat-pictures/5" for ::1 at 2015-03-16 11:46:22 -0400
Processing by StaticController#cats as HTML
  Parameters: {"number_of_cats"=>"5"}
  Rendered static/cats.html.erb within layouts/application (0.1ms)
Completed 200 OK in 855ms (Views: 53.2ms | ActiveRecord: 0.0ms)


Started GET "/assets/application-a8f66348a237c3a3ddd1919a96868ef3.css?body=1" for ::1 at 2015-03-16 11:46:23 -0400


Started GET "/assets/jquery-87424c3c19e96d4fb033c10ebe21ec40.js?body=1" for ::1 at 2015-03-16 11:46:23 -0400


Started GET "/assets/static-82a498a070a0c2a1898aea1e0351660e.css?body=1" for ::1 at 2015-03-16 11:46:23 -0400


Started GET "/assets/static-34e79a77c847698f70de32962b3f4d98.js?body=1" for ::1 at 2015-03-16 11:46:23 -0400


Started GET "/assets/jquery_ujs-e27bd20a10d28155845a22d71ef94f2f.js?body=1" for ::1 at 2015-03-16 11:46:23 -0400


Started GET "/assets/turbolinks-f87b3583ca50adb0488b031297f5580d.js?body=1" for ::1 at 2015-03-16 11:46:23 -0400


Started GET "/assets/application-45cc1e0f90694d1378a7f208e2f7ed74.js?body=1" for ::1 at 2015-03-16 11:46:23 -0400


Started GET "/cat-pictures/5" for ::1 at 2015-03-16 11:46:38 -0400
Processing by StaticController#cats as HTML
  Parameters: {"number_of_cats"=>"5"}
  Rendered static/cats.html.erb within layouts/application (0.1ms)
Completed 200 OK in 734ms (Views: 54.8ms | ActiveRecord: 0.0ms)


Started GET "/assets/static-82a498a070a0c2a1898aea1e0351660e.css?body=1" for ::1 at 2015-03-16 11:46:39 -0400


Started GET "/assets/jquery_ujs-e27bd20a10d28155845a22d71ef94f2f.js?body=1" for ::1 at 2015-03-16 11:46:39 -0400


Started GET "/assets/jquery-87424c3c19e96d4fb033c10ebe21ec40.js?body=1" for ::1 at 2015-03-16 11:46:39 -0400


Started GET "/assets/application-a8f66348a237c3a3ddd1919a96868ef3.css?body=1" for ::1 at 2015-03-16 11:46:39 -0400


Started GET "/assets/turbolinks-f87b3583ca50adb0488b031297f5580d.js?body=1" for ::1 at 2015-03-16 11:46:39 -0400


Started GET "/assets/static-34e79a77c847698f70de32962b3f4d98.js?body=1" for ::1 at 2015-03-16 11:46:39 -0400


Started GET "/assets/application-45cc1e0f90694d1378a7f208e2f7ed74.js?body=1" for ::1 at 2015-03-16 11:46:39 -0400


Started GET "/" for ::1 at 2015-03-16 11:47:21 -0400
Processing by StaticController#home as HTML
  Rendered static/home.html.erb within layouts/application (0.3ms)
Completed 200 OK in 50ms (Views: 49.8ms | ActiveRecord: 0.0ms)


Started GET "/assets/static-82a498a070a0c2a1898aea1e0351660e.css?body=1" for ::1 at 2015-03-16 11:47:21 -0400


Started GET "/assets/application-a8f66348a237c3a3ddd1919a96868ef3.css?body=1" for ::1 at 2015-03-16 11:47:21 -0400


Started GET "/assets/jquery-87424c3c19e96d4fb033c10ebe21ec40.js?body=1" for ::1 at 2015-03-16 11:47:21 -0400


Started GET "/assets/turbolinks-f87b3583ca50adb0488b031297f5580d.js?body=1" for ::1 at 2015-03-16 11:47:21 -0400


Started GET "/assets/jquery_ujs-e27bd20a10d28155845a22d71ef94f2f.js?body=1" for ::1 at 2015-03-16 11:47:21 -0400


Started GET "/assets/static-34e79a77c847698f70de32962b3f4d98.js?body=1" for ::1 at 2015-03-16 11:47:21 -0400


Started GET "/assets/application-45cc1e0f90694d1378a7f208e2f7ed74.js?body=1" for ::1 at 2015-03-16 11:47:21 -0400


Started GET "/" for ::1 at 2015-03-16 11:48:52 -0400
Processing by StaticController#home as HTML
  Rendered static/home.html.erb within layouts/application (1.0ms)
Completed 200 OK in 77ms (Views: 68.9ms | ActiveRecord: 0.0ms)


Started GET "/assets/static-82a498a070a0c2a1898aea1e0351660e.css?body=1" for ::1 at 2015-03-16 11:48:52 -0400


Started GET "/assets/application-a8f66348a237c3a3ddd1919a96868ef3.css?body=1" for ::1 at 2015-03-16 11:48:52 -0400


Started GET "/assets/static-34e79a77c847698f70de32962b3f4d98.js?body=1" for ::1 at 2015-03-16 11:48:52 -0400


Started GET "/assets/jquery_ujs-e27bd20a10d28155845a22d71ef94f2f.js?body=1" for ::1 at 2015-03-16 11:48:52 -0400


Started GET "/assets/turbolinks-f87b3583ca50adb0488b031297f5580d.js?body=1" for ::1 at 2015-03-16 11:48:52 -0400


Started GET "/assets/jquery-87424c3c19e96d4fb033c10ebe21ec40.js?body=1" for ::1 at 2015-03-16 11:48:52 -0400


Started GET "/assets/application-45cc1e0f90694d1378a7f208e2f7ed74.js?body=1" for ::1 at 2015-03-16 11:48:52 -0400


Started GET "/about" for ::1 at 2015-03-16 11:48:56 -0400
Processing by StaticController#about as HTML
  Rendered static/about.html.erb within layouts/application (0.4ms)
Completed 200 OK in 47ms (Views: 46.2ms | ActiveRecord: 0.0ms)


Started GET "/cat-pictures" for ::1 at 2015-03-16 11:48:57 -0400
Processing by StaticController#cats as HTML
  Rendered static/cats.html.erb within layouts/application (0.5ms)
Completed 200 OK in 763ms (Views: 42.9ms | ActiveRecord: 0.0ms)


Started GET "/" for ::1 at 2015-03-16 11:49:03 -0400
Processing by StaticController#home as HTML
  Rendered static/home.html.erb within layouts/application (0.3ms)
Completed 200 OK in 50ms (Views: 49.0ms | ActiveRecord: 0.0ms)


Started GET "/" for ::1 at 2015-03-16 11:55:30 -0400
Processing by StaticController#home as HTML
  Rendered static/home.html.erb within layouts/application (1.1ms)
Completed 200 OK in 93ms (Views: 84.8ms | ActiveRecord: 0.0ms)


Started GET "/assets/static-2bf45150d7bb03c7dc4f1154fe480066.css?body=1" for ::1 at 2015-03-16 11:55:30 -0400


Started GET "/assets/jquery-87424c3c19e96d4fb033c10ebe21ec40.js?body=1" for ::1 at 2015-03-16 11:55:30 -0400


Started GET "/assets/application-2966fb7f68581759232b1647231af2ef.css?body=1" for ::1 at 2015-03-16 11:55:30 -0400


Started GET "/assets/jquery_ujs-e27bd20a10d28155845a22d71ef94f2f.js?body=1" for ::1 at 2015-03-16 11:55:30 -0400


Started GET "/assets/turbolinks-f87b3583ca50adb0488b031297f5580d.js?body=1" for ::1 at 2015-03-16 11:55:30 -0400


Started GET "/assets/static-34e79a77c847698f70de32962b3f4d98.js?body=1" for ::1 at 2015-03-16 11:55:30 -0400


Started GET "/assets/application-45cc1e0f90694d1378a7f208e2f7ed74.js?body=1" for ::1 at 2015-03-16 11:55:30 -0400


Started GET "/" for ::1 at 2015-03-16 11:55:32 -0400
Processing by StaticController#home as HTML
  Rendered static/home.html.erb within layouts/application (0.0ms)
Completed 200 OK in 45ms (Views: 44.7ms | ActiveRecord: 0.0ms)


Started GET "/assets/static-2bf45150d7bb03c7dc4f1154fe480066.css?body=1" for ::1 at 2015-03-16 11:55:32 -0400


Started GET "/assets/jquery-87424c3c19e96d4fb033c10ebe21ec40.js?body=1" for ::1 at 2015-03-16 11:55:32 -0400


Started GET "/assets/jquery_ujs-e27bd20a10d28155845a22d71ef94f2f.js?body=1" for ::1 at 2015-03-16 11:55:32 -0400


Started GET "/assets/application-2966fb7f68581759232b1647231af2ef.css?body=1" for ::1 at 2015-03-16 11:55:32 -0400


Started GET "/assets/turbolinks-f87b3583ca50adb0488b031297f5580d.js?body=1" for ::1 at 2015-03-16 11:55:32 -0400


Started GET "/assets/static-34e79a77c847698f70de32962b3f4d98.js?body=1" for ::1 at 2015-03-16 11:55:32 -0400


Started GET "/assets/application-45cc1e0f90694d1378a7f208e2f7ed74.js?body=1" for ::1 at 2015-03-16 11:55:32 -0400


Started GET "/" for ::1 at 2015-03-16 11:56:08 -0400
Processing by StaticController#home as HTML
  Rendered static/home.html.erb within layouts/application (0.0ms)
Completed 200 OK in 65ms (Views: 64.7ms | ActiveRecord: 0.0ms)


Started GET "/assets/static-b7e24b7436b76800f7cf71006ac1334b.css?body=1" for ::1 at 2015-03-16 11:56:08 -0400


Started GET "/assets/application-8d60e545972c4ec1c1c1426a912f6be5.css?body=1" for ::1 at 2015-03-16 11:56:08 -0400


Started GET "/assets/jquery_ujs-e27bd20a10d28155845a22d71ef94f2f.js?body=1" for ::1 at 2015-03-16 11:56:08 -0400


Started GET "/assets/jquery-87424c3c19e96d4fb033c10ebe21ec40.js?body=1" for ::1 at 2015-03-16 11:56:08 -0400


Started GET "/assets/static-34e79a77c847698f70de32962b3f4d98.js?body=1" for ::1 at 2015-03-16 11:56:08 -0400


Started GET "/assets/application-45cc1e0f90694d1378a7f208e2f7ed74.js?body=1" for ::1 at 2015-03-16 11:56:08 -0400


Started GET "/assets/turbolinks-f87b3583ca50adb0488b031297f5580d.js?body=1" for ::1 at 2015-03-16 11:56:08 -0400


Started GET "/" for ::1 at 2015-03-16 11:57:43 -0400
Processing by StaticController#home as HTML
  Rendered static/home.html.erb within layouts/application (0.1ms)
Completed 200 OK in 62ms (Views: 61.6ms | ActiveRecord: 0.0ms)


Started GET "/assets/application-53e50cfaccb7373ba2dbca1f458757b5.css?body=1" for ::1 at 2015-03-16 11:57:43 -0400


Started GET "/assets/jquery_ujs-e27bd20a10d28155845a22d71ef94f2f.js?body=1" for ::1 at 2015-03-16 11:57:43 -0400


Started GET "/assets/jquery-87424c3c19e96d4fb033c10ebe21ec40.js?body=1" for ::1 at 2015-03-16 11:57:43 -0400


Started GET "/assets/static-33075e5fe7f47f79daf81664b0ae6f0f.css?body=1" for ::1 at 2015-03-16 11:57:43 -0400


Started GET "/assets/turbolinks-f87b3583ca50adb0488b031297f5580d.js?body=1" for ::1 at 2015-03-16 11:57:43 -0400


Started GET "/assets/static-34e79a77c847698f70de32962b3f4d98.js?body=1" for ::1 at 2015-03-16 11:57:43 -0400


Started GET "/assets/application-45cc1e0f90694d1378a7f208e2f7ed74.js?body=1" for ::1 at 2015-03-16 11:57:43 -0400


Started GET "/" for ::1 at 2015-03-16 11:57:45 -0400
Processing by StaticController#home as HTML
  Rendered static/home.html.erb within layouts/application (0.0ms)
Completed 200 OK in 48ms (Views: 47.7ms | ActiveRecord: 0.0ms)


Started GET "/assets/application-53e50cfaccb7373ba2dbca1f458757b5.css?body=1" for ::1 at 2015-03-16 11:57:45 -0400


Started GET "/assets/jquery-87424c3c19e96d4fb033c10ebe21ec40.js?body=1" for ::1 at 2015-03-16 11:57:45 -0400


Started GET "/assets/jquery_ujs-e27bd20a10d28155845a22d71ef94f2f.js?body=1" for ::1 at 2015-03-16 11:57:45 -0400


Started GET "/assets/static-34e79a77c847698f70de32962b3f4d98.js?body=1" for ::1 at 2015-03-16 11:57:45 -0400


Started GET "/assets/static-33075e5fe7f47f79daf81664b0ae6f0f.css?body=1" for ::1 at 2015-03-16 11:57:45 -0400


Started GET "/assets/turbolinks-f87b3583ca50adb0488b031297f5580d.js?body=1" for ::1 at 2015-03-16 11:57:45 -0400


Started GET "/assets/application-45cc1e0f90694d1378a7f208e2f7ed74.js?body=1" for ::1 at 2015-03-16 11:57:45 -0400


Started GET "/" for ::1 at 2015-03-16 11:58:18 -0400
Processing by StaticController#home as HTML
  Rendered static/home.html.erb within layouts/application (0.0ms)
Completed 200 OK in 64ms (Views: 63.7ms | ActiveRecord: 0.0ms)


Started GET "/assets/static-27181fa3000752df25385dc332d9553e.css?body=1" for ::1 at 2015-03-16 11:58:18 -0400


Started GET "/assets/application-a9191d627e85b955a61a0d1455c1f2b6.css?body=1" for ::1 at 2015-03-16 11:58:18 -0400


Started GET "/assets/application-45cc1e0f90694d1378a7f208e2f7ed74.js?body=1" for ::1 at 2015-03-16 11:58:18 -0400


Started GET "/assets/jquery-87424c3c19e96d4fb033c10ebe21ec40.js?body=1" for ::1 at 2015-03-16 11:58:18 -0400


Started GET "/assets/jquery_ujs-e27bd20a10d28155845a22d71ef94f2f.js?body=1" for ::1 at 2015-03-16 11:58:18 -0400


Started GET "/assets/turbolinks-f87b3583ca50adb0488b031297f5580d.js?body=1" for ::1 at 2015-03-16 11:58:18 -0400


Started GET "/assets/static-34e79a77c847698f70de32962b3f4d98.js?body=1" for ::1 at 2015-03-16 11:58:18 -0400


Started GET "/" for ::1 at 2015-03-16 11:58:34 -0400
Processing by StaticController#home as HTML
  Rendered static/home.html.erb within layouts/application (0.0ms)
Completed 200 OK in 68ms (Views: 67.1ms | ActiveRecord: 0.0ms)


Started GET "/assets/static-77eff185ff99a5983e12aa1e63729efe.css?body=1" for ::1 at 2015-03-16 11:58:34 -0400


Started GET "/assets/application-6ad53ccfc0265e64621f4d2a010da9ff.css?body=1" for ::1 at 2015-03-16 11:58:34 -0400


Started GET "/assets/jquery_ujs-e27bd20a10d28155845a22d71ef94f2f.js?body=1" for ::1 at 2015-03-16 11:58:34 -0400


Started GET "/assets/turbolinks-f87b3583ca50adb0488b031297f5580d.js?body=1" for ::1 at 2015-03-16 11:58:34 -0400


Started GET "/assets/jquery-87424c3c19e96d4fb033c10ebe21ec40.js?body=1" for ::1 at 2015-03-16 11:58:34 -0400


Started GET "/assets/static-34e79a77c847698f70de32962b3f4d98.js?body=1" for ::1 at 2015-03-16 11:58:34 -0400


Started GET "/assets/application-45cc1e0f90694d1378a7f208e2f7ed74.js?body=1" for ::1 at 2015-03-16 11:58:34 -0400


Started GET "/" for ::1 at 2015-03-16 11:58:49 -0400
Processing by StaticController#home as HTML
  Rendered static/home.html.erb within layouts/application (0.0ms)
Completed 200 OK in 62ms (Views: 61.6ms | ActiveRecord: 0.0ms)


Started GET "/assets/static-710ff2265b7531ad6f13b3ce90275515.css?body=1" for ::1 at 2015-03-16 11:58:49 -0400


Started GET "/assets/application-08ebd40ffcefd6ca30d32983d4748814.css?body=1" for ::1 at 2015-03-16 11:58:49 -0400


Started GET "/assets/jquery-87424c3c19e96d4fb033c10ebe21ec40.js?body=1" for ::1 at 2015-03-16 11:58:49 -0400


Started GET "/assets/turbolinks-f87b3583ca50adb0488b031297f5580d.js?body=1" for ::1 at 2015-03-16 11:58:49 -0400


Started GET "/assets/jquery_ujs-e27bd20a10d28155845a22d71ef94f2f.js?body=1" for ::1 at 2015-03-16 11:58:49 -0400


Started GET "/assets/static-34e79a77c847698f70de32962b3f4d98.js?body=1" for ::1 at 2015-03-16 11:58:49 -0400


Started GET "/assets/application-45cc1e0f90694d1378a7f208e2f7ed74.js?body=1" for ::1 at 2015-03-16 11:58:49 -0400


Started GET "/cat-pictures" for ::1 at 2015-03-16 11:58:57 -0400
Processing by StaticController#cats as HTML
  Rendered static/cats.html.erb within layouts/application (0.5ms)
Completed 200 OK in 751ms (Views: 43.6ms | ActiveRecord: 0.0ms)


Started GET "/about" for ::1 at 2015-03-16 11:59:00 -0400
Processing by StaticController#about as HTML
  Rendered static/about.html.erb within layouts/application (0.3ms)
Completed 200 OK in 43ms (Views: 42.8ms | ActiveRecord: 0.0ms)


Started GET "/" for ::1 at 2015-03-16 11:59:02 -0400
Processing by StaticController#home as HTML
  Rendered static/home.html.erb within layouts/application (0.4ms)
Completed 200 OK in 54ms (Views: 53.5ms | ActiveRecord: 0.0ms)


Started GET "/about" for ::1 at 2015-03-16 11:59:04 -0400
Processing by StaticController#about as HTML
  Rendered static/about.html.erb within layouts/application (0.0ms)
Completed 200 OK in 46ms (Views: 45.7ms | ActiveRecord: 0.0ms)


Started GET "/cat-pictures" for ::1 at 2015-03-16 11:59:05 -0400
Processing by StaticController#cats as HTML
  Rendered static/cats.html.erb within layouts/application (0.1ms)
Completed 200 OK in 800ms (Views: 42.6ms | ActiveRecord: 0.0ms)


Started GET "/cat-pictures" for ::1 at 2015-03-16 11:59:08 -0400
Processing by StaticController#cats as HTML
  Rendered static/cats.html.erb within layouts/application (0.1ms)
Completed 200 OK in 826ms (Views: 41.4ms | ActiveRecord: 0.0ms)


Started GET "/" for ::1 at 2015-03-16 12:00:11 -0400
Processing by StaticController#home as HTML
  Rendered static/home.html.erb within layouts/application (0.0ms)
Completed 200 OK in 65ms (Views: 64.8ms | ActiveRecord: 0.0ms)


Started GET "/" for ::1 at 2015-03-16 12:00:11 -0400
Processing by StaticController#home as HTML
  Rendered static/home.html.erb within layouts/application (0.1ms)
Completed 200 OK in 50ms (Views: 49.2ms | ActiveRecord: 0.0ms)


Started GET "/assets/static-42c7cbc8000f2223b5172daba2784150.css?body=1" for ::1 at 2015-03-16 12:00:11 -0400


Started GET "/assets/application-54c64c88ffa5238a704829256ba3737e.css?body=1" for ::1 at 2015-03-16 12:00:11 -0400


Started GET "/assets/jquery-87424c3c19e96d4fb033c10ebe21ec40.js?body=1" for ::1 at 2015-03-16 12:00:11 -0400


Started GET "/assets/jquery_ujs-e27bd20a10d28155845a22d71ef94f2f.js?body=1" for ::1 at 2015-03-16 12:00:11 -0400


Started GET "/assets/static-34e79a77c847698f70de32962b3f4d98.js?body=1" for ::1 at 2015-03-16 12:00:11 -0400


Started GET "/assets/turbolinks-f87b3583ca50adb0488b031297f5580d.js?body=1" for ::1 at 2015-03-16 12:00:11 -0400


Started GET "/assets/application-45cc1e0f90694d1378a7f208e2f7ed74.js?body=1" for ::1 at 2015-03-16 12:00:11 -0400


Started GET "/about" for ::1 at 2015-03-16 12:00:12 -0400
Processing by StaticController#about as HTML
  Rendered static/about.html.erb within layouts/application (0.0ms)
Completed 200 OK in 50ms (Views: 49.1ms | ActiveRecord: 0.0ms)


Started GET "/about" for ::1 at 2015-03-16 12:00:27 -0400
Processing by StaticController#about as HTML
  Rendered static/about.html.erb within layouts/application (0.3ms)
Completed 200 OK in 69ms (Views: 68.0ms | ActiveRecord: 0.0ms)


Started GET "/assets/static-d9525b1907268748c50ca85502d23876.css?body=1" for ::1 at 2015-03-16 12:00:27 -0400


Started GET "/assets/application-770afad817fac27e635c88ff77b39ec8.css?body=1" for ::1 at 2015-03-16 12:00:27 -0400


Started GET "/assets/turbolinks-f87b3583ca50adb0488b031297f5580d.js?body=1" for ::1 at 2015-03-16 12:00:27 -0400


Started GET "/assets/jquery_ujs-e27bd20a10d28155845a22d71ef94f2f.js?body=1" for ::1 at 2015-03-16 12:00:27 -0400


Started GET "/assets/jquery-87424c3c19e96d4fb033c10ebe21ec40.js?body=1" for ::1 at 2015-03-16 12:00:27 -0400


Started GET "/assets/static-34e79a77c847698f70de32962b3f4d98.js?body=1" for ::1 at 2015-03-16 12:00:27 -0400


Started GET "/assets/application-45cc1e0f90694d1378a7f208e2f7ed74.js?body=1" for ::1 at 2015-03-16 12:00:27 -0400


Started GET "/about" for ::1 at 2015-03-16 12:00:29 -0400
Processing by StaticController#about as HTML
  Rendered static/about.html.erb within layouts/application (0.0ms)
Completed 200 OK in 44ms (Views: 43.1ms | ActiveRecord: 0.0ms)


Started GET "/assets/static-d9525b1907268748c50ca85502d23876.css?body=1" for ::1 at 2015-03-16 12:00:29 -0400


Started GET "/assets/jquery-87424c3c19e96d4fb033c10ebe21ec40.js?body=1" for ::1 at 2015-03-16 12:00:29 -0400


Started GET "/assets/application-770afad817fac27e635c88ff77b39ec8.css?body=1" for ::1 at 2015-03-16 12:00:29 -0400


Started GET "/assets/jquery_ujs-e27bd20a10d28155845a22d71ef94f2f.js?body=1" for ::1 at 2015-03-16 12:00:29 -0400


Started GET "/assets/turbolinks-f87b3583ca50adb0488b031297f5580d.js?body=1" for ::1 at 2015-03-16 12:00:29 -0400


Started GET "/assets/application-45cc1e0f90694d1378a7f208e2f7ed74.js?body=1" for ::1 at 2015-03-16 12:00:29 -0400


Started GET "/assets/static-34e79a77c847698f70de32962b3f4d98.js?body=1" for ::1 at 2015-03-16 12:00:29 -0400


Started GET "/about" for ::1 at 2015-03-16 12:01:39 -0400
Processing by StaticController#about as HTML
  Rendered static/about.html.erb within layouts/application (0.1ms)
Completed 200 OK in 69ms (Views: 69.0ms | ActiveRecord: 0.0ms)


Started GET "/assets/application-5bae3e257546e09094adf1c6c79da18d.css?body=1" for ::1 at 2015-03-16 12:01:39 -0400


Started GET "/assets/turbolinks-f87b3583ca50adb0488b031297f5580d.js?body=1" for ::1 at 2015-03-16 12:01:39 -0400


Started GET "/assets/static-4d653150643b5731f18f141f98f0535d.css?body=1" for ::1 at 2015-03-16 12:01:39 -0400


Started GET "/assets/static-34e79a77c847698f70de32962b3f4d98.js?body=1" for ::1 at 2015-03-16 12:01:39 -0400


Started GET "/assets/jquery_ujs-e27bd20a10d28155845a22d71ef94f2f.js?body=1" for ::1 at 2015-03-16 12:01:39 -0400


Started GET "/assets/jquery-87424c3c19e96d4fb033c10ebe21ec40.js?body=1" for ::1 at 2015-03-16 12:01:39 -0400


Started GET "/assets/application-45cc1e0f90694d1378a7f208e2f7ed74.js?body=1" for ::1 at 2015-03-16 12:01:39 -0400


Started GET "/about" for ::1 at 2015-03-16 12:02:03 -0400
Processing by StaticController#about as HTML
  Rendered static/about.html.erb within layouts/application (0.0ms)
Completed 200 OK in 70ms (Views: 69.6ms | ActiveRecord: 0.0ms)


Started GET "/assets/static-b269b39c8fe2d3a970a7b34ca8b75347.css?body=1" for ::1 at 2015-03-16 12:02:03 -0400


Started GET "/assets/static-34e79a77c847698f70de32962b3f4d98.js?body=1" for ::1 at 2015-03-16 12:02:03 -0400


Started GET "/assets/turbolinks-f87b3583ca50adb0488b031297f5580d.js?body=1" for ::1 at 2015-03-16 12:02:03 -0400


Started GET "/assets/jquery-87424c3c19e96d4fb033c10ebe21ec40.js?body=1" for ::1 at 2015-03-16 12:02:03 -0400


Started GET "/assets/jquery_ujs-e27bd20a10d28155845a22d71ef94f2f.js?body=1" for ::1 at 2015-03-16 12:02:03 -0400


Started GET "/assets/application-d69cc911e96c8c305250f59cb0515557.css?body=1" for ::1 at 2015-03-16 12:02:03 -0400


Started GET "/assets/application-45cc1e0f90694d1378a7f208e2f7ed74.js?body=1" for ::1 at 2015-03-16 12:02:03 -0400


Started GET "/about" for ::1 at 2015-03-16 12:02:52 -0400
Processing by StaticController#about as HTML
  Rendered static/about.html.erb within layouts/application (0.0ms)
Completed 200 OK in 63ms (Views: 62.7ms | ActiveRecord: 0.0ms)


Started GET "/assets/application-0038af9080b28e30471473e606ac8b01.css?body=1" for ::1 at 2015-03-16 12:02:52 -0400


Started GET "/assets/static-c14a6867b265a425c407fdf18ca2676a.css?body=1" for ::1 at 2015-03-16 12:02:52 -0400


Started GET "/assets/jquery-87424c3c19e96d4fb033c10ebe21ec40.js?body=1" for ::1 at 2015-03-16 12:02:52 -0400


Started GET "/assets/jquery_ujs-e27bd20a10d28155845a22d71ef94f2f.js?body=1" for ::1 at 2015-03-16 12:02:52 -0400


Started GET "/assets/application-45cc1e0f90694d1378a7f208e2f7ed74.js?body=1" for ::1 at 2015-03-16 12:02:52 -0400


Started GET "/assets/static-34e79a77c847698f70de32962b3f4d98.js?body=1" for ::1 at 2015-03-16 12:02:52 -0400


Started GET "/assets/turbolinks-f87b3583ca50adb0488b031297f5580d.js?body=1" for ::1 at 2015-03-16 12:02:52 -0400


Started GET "/" for ::1 at 2015-03-16 12:02:58 -0400
Processing by StaticController#home as HTML
  Rendered static/home.html.erb within layouts/application (0.0ms)
Completed 200 OK in 49ms (Views: 48.8ms | ActiveRecord: 0.0ms)


Started GET "/about" for ::1 at 2015-03-16 12:02:59 -0400
Processing by StaticController#about as HTML
  Rendered static/about.html.erb within layouts/application (0.1ms)
Completed 200 OK in 46ms (Views: 45.4ms | ActiveRecord: 0.0ms)


Started GET "/" for ::1 at 2015-03-16 12:03:00 -0400
Processing by StaticController#home as HTML
  Rendered static/home.html.erb within layouts/application (0.0ms)
Completed 200 OK in 51ms (Views: 50.1ms | ActiveRecord: 0.0ms)


Started GET "/about" for ::1 at 2015-03-16 12:03:01 -0400
Processing by StaticController#about as HTML
  Rendered static/about.html.erb within layouts/application (0.0ms)
Completed 200 OK in 46ms (Views: 45.4ms | ActiveRecord: 0.0ms)


Started GET "/about" for ::1 at 2015-03-16 12:03:12 -0400
Processing by StaticController#about as HTML
  Rendered static/about.html.erb within layouts/application (0.0ms)
Completed 200 OK in 67ms (Views: 66.6ms | ActiveRecord: 0.0ms)


Started GET "/assets/static-ba3ed63c4e2834447d6d402739fd2ebe.css?body=1" for ::1 at 2015-03-16 12:03:12 -0400


Started GET "/assets/jquery-87424c3c19e96d4fb033c10ebe21ec40.js?body=1" for ::1 at 2015-03-16 12:03:12 -0400


Started GET "/assets/turbolinks-f87b3583ca50adb0488b031297f5580d.js?body=1" for ::1 at 2015-03-16 12:03:12 -0400


Started GET "/assets/application-de322a24064a1e3b0c54e6a15c9a10b2.css?body=1" for ::1 at 2015-03-16 12:03:12 -0400


Started GET "/assets/jquery_ujs-e27bd20a10d28155845a22d71ef94f2f.js?body=1" for ::1 at 2015-03-16 12:03:12 -0400


Started GET "/assets/static-34e79a77c847698f70de32962b3f4d98.js?body=1" for ::1 at 2015-03-16 12:03:12 -0400


Started GET "/assets/application-45cc1e0f90694d1378a7f208e2f7ed74.js?body=1" for ::1 at 2015-03-16 12:03:12 -0400


Started GET "/about" for ::1 at 2015-03-16 12:03:14 -0400
Processing by StaticController#about as HTML
  Rendered static/about.html.erb within layouts/application (0.0ms)
Completed 200 OK in 49ms (Views: 48.8ms | ActiveRecord: 0.0ms)


Started GET "/assets/jquery-87424c3c19e96d4fb033c10ebe21ec40.js?body=1" for ::1 at 2015-03-16 12:03:14 -0400


Started GET "/assets/turbolinks-f87b3583ca50adb0488b031297f5580d.js?body=1" for ::1 at 2015-03-16 12:03:14 -0400


Started GET "/assets/static-ba3ed63c4e2834447d6d402739fd2ebe.css?body=1" for ::1 at 2015-03-16 12:03:14 -0400


Started GET "/assets/jquery_ujs-e27bd20a10d28155845a22d71ef94f2f.js?body=1" for ::1 at 2015-03-16 12:03:14 -0400


Started GET "/assets/application-de322a24064a1e3b0c54e6a15c9a10b2.css?body=1" for ::1 at 2015-03-16 12:03:14 -0400


Started GET "/assets/static-34e79a77c847698f70de32962b3f4d98.js?body=1" for ::1 at 2015-03-16 12:03:14 -0400


Started GET "/assets/application-45cc1e0f90694d1378a7f208e2f7ed74.js?body=1" for ::1 at 2015-03-16 12:03:14 -0400


Started GET "/" for ::1 at 2015-03-16 12:03:15 -0400
Processing by StaticController#home as HTML
  Rendered static/home.html.erb within layouts/application (0.0ms)
Completed 200 OK in 46ms (Views: 45.2ms | ActiveRecord: 0.0ms)


Started GET "/about" for ::1 at 2015-03-16 12:03:16 -0400
Processing by StaticController#about as HTML
  Rendered static/about.html.erb within layouts/application (0.0ms)
Completed 200 OK in 45ms (Views: 44.5ms | ActiveRecord: 0.0ms)


Started GET "/" for ::1 at 2015-03-16 12:03:18 -0400
Processing by StaticController#home as HTML
  Rendered static/home.html.erb within layouts/application (0.1ms)
Completed 200 OK in 43ms (Views: 42.5ms | ActiveRecord: 0.0ms)


Started GET "/about" for ::1 at 2015-03-16 12:03:19 -0400
Processing by StaticController#about as HTML
  Rendered static/about.html.erb within layouts/application (0.1ms)
Completed 200 OK in 46ms (Views: 45.5ms | ActiveRecord: 0.0ms)


Started GET "/cat-pictures" for ::1 at 2015-03-16 12:03:21 -0400
Processing by StaticController#cats as HTML
  Rendered static/cats.html.erb within layouts/application (0.1ms)
Completed 200 OK in 858ms (Views: 42.3ms | ActiveRecord: 0.0ms)


Started GET "/cat-pictures" for ::1 at 2015-03-16 12:03:23 -0400
Processing by StaticController#cats as HTML
  Rendered static/cats.html.erb within layouts/application (0.1ms)
Completed 200 OK in 798ms (Views: 46.6ms | ActiveRecord: 0.0ms)


Started GET "/" for ::1 at 2015-03-16 12:03:24 -0400
Processing by StaticController#home as HTML
  Rendered static/home.html.erb within layouts/application (0.1ms)
Completed 200 OK in 49ms (Views: 48.2ms | ActiveRecord: 0.0ms)


Started GET "/about" for ::1 at 2015-03-16 12:03:25 -0400
Processing by StaticController#about as HTML
  Rendered static/about.html.erb within layouts/application (0.0ms)
Completed 200 OK in 54ms (Views: 54.0ms | ActiveRecord: 0.0ms)


Started GET "/cat-pictures" for ::1 at 2015-03-16 12:03:26 -0400
Processing by StaticController#cats as HTML
  Rendered static/cats.html.erb within layouts/application (0.1ms)
Completed 200 OK in 862ms (Views: 42.2ms | ActiveRecord: 0.0ms)


Started GET "/" for ::1 at 2015-03-16 12:03:29 -0400
Processing by StaticController#home as HTML
  Rendered static/home.html.erb within layouts/application (0.0ms)
Completed 200 OK in 51ms (Views: 50.6ms | ActiveRecord: 0.0ms)


Started GET "/" for ::1 at 2015-03-16 12:12:59 -0400
Processing by StaticController#home as HTML
  Rendered static/home.html.erb within layouts/application (0.5ms)
Completed 200 OK in 54ms (Views: 53.1ms | ActiveRecord: 0.0ms)


Started GET "/assets/jquery-87424c3c19e96d4fb033c10ebe21ec40.js?body=1" for ::1 at 2015-03-16 12:12:59 -0400


Started GET "/assets/application-de322a24064a1e3b0c54e6a15c9a10b2.css?body=1" for ::1 at 2015-03-16 12:12:59 -0400


Started GET "/assets/turbolinks-f87b3583ca50adb0488b031297f5580d.js?body=1" for ::1 at 2015-03-16 12:12:59 -0400


Started GET "/assets/static-ba3ed63c4e2834447d6d402739fd2ebe.css?body=1" for ::1 at 2015-03-16 12:12:59 -0400


Started GET "/assets/jquery_ujs-e27bd20a10d28155845a22d71ef94f2f.js?body=1" for ::1 at 2015-03-16 12:12:59 -0400


Started GET "/assets/static-34e79a77c847698f70de32962b3f4d98.js?body=1" for ::1 at 2015-03-16 12:12:59 -0400


Started GET "/assets/application-45cc1e0f90694d1378a7f208e2f7ed74.js?body=1" for ::1 at 2015-03-16 12:12:59 -0400


Started GET "/" for ::1 at 2015-03-16 12:13:01 -0400
Processing by StaticController#home as HTML
  Rendered static/home.html.erb within layouts/application (0.1ms)
Completed 200 OK in 52ms (Views: 51.3ms | ActiveRecord: 0.0ms)


Started GET "/assets/static-ba3ed63c4e2834447d6d402739fd2ebe.css?body=1" for ::1 at 2015-03-16 12:13:01 -0400


Started GET "/assets/application-de322a24064a1e3b0c54e6a15c9a10b2.css?body=1" for ::1 at 2015-03-16 12:13:01 -0400


Started GET "/assets/turbolinks-f87b3583ca50adb0488b031297f5580d.js?body=1" for ::1 at 2015-03-16 12:13:01 -0400


Started GET "/assets/jquery-87424c3c19e96d4fb033c10ebe21ec40.js?body=1" for ::1 at 2015-03-16 12:13:01 -0400


Started GET "/assets/static-34e79a77c847698f70de32962b3f4d98.js?body=1" for ::1 at 2015-03-16 12:13:01 -0400


Started GET "/assets/jquery_ujs-e27bd20a10d28155845a22d71ef94f2f.js?body=1" for ::1 at 2015-03-16 12:13:01 -0400


Started GET "/assets/application-45cc1e0f90694d1378a7f208e2f7ed74.js?body=1" for ::1 at 2015-03-16 12:13:01 -0400


Started GET "/" for ::1 at 2015-03-16 12:13:03 -0400
Processing by StaticController#home as HTML
  Rendered static/home.html.erb within layouts/application (0.1ms)
Completed 200 OK in 47ms (Views: 46.3ms | ActiveRecord: 0.0ms)


Started GET "/assets/application-de322a24064a1e3b0c54e6a15c9a10b2.css?body=1" for ::1 at 2015-03-16 12:13:03 -0400


Started GET "/assets/jquery-87424c3c19e96d4fb033c10ebe21ec40.js?body=1" for ::1 at 2015-03-16 12:13:03 -0400


Started GET "/assets/static-34e79a77c847698f70de32962b3f4d98.js?body=1" for ::1 at 2015-03-16 12:13:03 -0400


Started GET "/assets/jquery_ujs-e27bd20a10d28155845a22d71ef94f2f.js?body=1" for ::1 at 2015-03-16 12:13:03 -0400


Started GET "/assets/static-ba3ed63c4e2834447d6d402739fd2ebe.css?body=1" for ::1 at 2015-03-16 12:13:03 -0400


Started GET "/assets/turbolinks-f87b3583ca50adb0488b031297f5580d.js?body=1" for ::1 at 2015-03-16 12:13:03 -0400


Started GET "/assets/application-45cc1e0f90694d1378a7f208e2f7ed74.js?body=1" for ::1 at 2015-03-16 12:13:03 -0400


Started GET "/" for ::1 at 2015-03-16 12:17:15 -0400
Processing by StaticController#home as HTML
  Rendered static/home.html.erb within layouts/application (2.2ms)
Completed 200 OK in 106ms (Views: 96.9ms | ActiveRecord: 0.0ms)


Started GET "/assets/jquery-87424c3c19e96d4fb033c10ebe21ec40.js?body=1" for ::1 at 2015-03-16 12:17:15 -0400


Started GET "/assets/application-de322a24064a1e3b0c54e6a15c9a10b2.css?body=1" for ::1 at 2015-03-16 12:17:15 -0400


Started GET "/assets/jquery_ujs-e27bd20a10d28155845a22d71ef94f2f.js?body=1" for ::1 at 2015-03-16 12:17:15 -0400


Started GET "/assets/static-ba3ed63c4e2834447d6d402739fd2ebe.css?body=1" for ::1 at 2015-03-16 12:17:15 -0400


Started GET "/assets/turbolinks-f87b3583ca50adb0488b031297f5580d.js?body=1" for ::1 at 2015-03-16 12:17:15 -0400


Started GET "/assets/static-34e79a77c847698f70de32962b3f4d98.js?body=1" for ::1 at 2015-03-16 12:17:15 -0400


Started GET "/assets/application-45cc1e0f90694d1378a7f208e2f7ed74.js?body=1" for ::1 at 2015-03-16 12:17:15 -0400


Started GET "/" for ::1 at 2015-03-16 12:17:32 -0400
Processing by StaticController#home as HTML
  Rendered static/home.html.erb within layouts/application (0.4ms)
Completed 200 OK in 46ms (Views: 45.9ms | ActiveRecord: 0.0ms)


Started GET "/assets/static-ba3ed63c4e2834447d6d402739fd2ebe.css?body=1" for ::1 at 2015-03-16 12:17:32 -0400


Started GET "/assets/turbolinks-f87b3583ca50adb0488b031297f5580d.js?body=1" for ::1 at 2015-03-16 12:17:32 -0400


Started GET "/assets/application-de322a24064a1e3b0c54e6a15c9a10b2.css?body=1" for ::1 at 2015-03-16 12:17:32 -0400


Started GET "/assets/jquery-87424c3c19e96d4fb033c10ebe21ec40.js?body=1" for ::1 at 2015-03-16 12:17:32 -0400


Started GET "/assets/jquery_ujs-e27bd20a10d28155845a22d71ef94f2f.js?body=1" for ::1 at 2015-03-16 12:17:32 -0400


Started GET "/assets/static-34e79a77c847698f70de32962b3f4d98.js?body=1" for ::1 at 2015-03-16 12:17:32 -0400


Started GET "/assets/application-45cc1e0f90694d1378a7f208e2f7ed74.js?body=1" for ::1 at 2015-03-16 12:17:32 -0400


Started GET "/" for ::1 at 2015-03-16 12:17:34 -0400
Processing by StaticController#home as HTML
  Rendered static/home.html.erb within layouts/application (0.0ms)
Completed 200 OK in 46ms (Views: 45.1ms | ActiveRecord: 0.0ms)


Started GET "/assets/static-ba3ed63c4e2834447d6d402739fd2ebe.css?body=1" for ::1 at 2015-03-16 12:17:34 -0400


Started GET "/assets/application-de322a24064a1e3b0c54e6a15c9a10b2.css?body=1" for ::1 at 2015-03-16 12:17:34 -0400


Started GET "/assets/jquery_ujs-e27bd20a10d28155845a22d71ef94f2f.js?body=1" for ::1 at 2015-03-16 12:17:34 -0400


Started GET "/assets/static-34e79a77c847698f70de32962b3f4d98.js?body=1" for ::1 at 2015-03-16 12:17:34 -0400


Started GET "/assets/jquery-87424c3c19e96d4fb033c10ebe21ec40.js?body=1" for ::1 at 2015-03-16 12:17:34 -0400


Started GET "/assets/turbolinks-f87b3583ca50adb0488b031297f5580d.js?body=1" for ::1 at 2015-03-16 12:17:34 -0400


Started GET "/assets/application-45cc1e0f90694d1378a7f208e2f7ed74.js?body=1" for ::1 at 2015-03-16 12:17:34 -0400


Started GET "/" for ::1 at 2015-03-16 12:22:50 -0400
Processing by StaticController#home as HTML
  Rendered static/home.html.erb within layouts/application (0.3ms)
Completed 200 OK in 42ms (Views: 41.6ms | ActiveRecord: 0.0ms)


Started GET "/assets/static-ba3ed63c4e2834447d6d402739fd2ebe.css?body=1" for ::1 at 2015-03-16 12:22:50 -0400


Started GET "/assets/jquery_ujs-e27bd20a10d28155845a22d71ef94f2f.js?body=1" for ::1 at 2015-03-16 12:22:50 -0400


Started GET "/assets/application-de322a24064a1e3b0c54e6a15c9a10b2.css?body=1" for ::1 at 2015-03-16 12:22:50 -0400


Started GET "/assets/jquery-87424c3c19e96d4fb033c10ebe21ec40.js?body=1" for ::1 at 2015-03-16 12:22:50 -0400


Started GET "/assets/turbolinks-f87b3583ca50adb0488b031297f5580d.js?body=1" for ::1 at 2015-03-16 12:22:50 -0400


Started GET "/assets/static-34e79a77c847698f70de32962b3f4d98.js?body=1" for ::1 at 2015-03-16 12:22:50 -0400


Started GET "/assets/application-45cc1e0f90694d1378a7f208e2f7ed74.js?body=1" for ::1 at 2015-03-16 12:22:50 -0400


Started GET "/" for ::1 at 2015-03-16 12:22:51 -0400
Processing by StaticController#home as HTML
  Rendered static/home.html.erb within layouts/application (0.0ms)
Completed 200 OK in 42ms (Views: 41.6ms | ActiveRecord: 0.0ms)


Started GET "/assets/static-ba3ed63c4e2834447d6d402739fd2ebe.css?body=1" for ::1 at 2015-03-16 12:22:51 -0400


Started GET "/assets/application-de322a24064a1e3b0c54e6a15c9a10b2.css?body=1" for ::1 at 2015-03-16 12:22:51 -0400


Started GET "/assets/jquery_ujs-e27bd20a10d28155845a22d71ef94f2f.js?body=1" for ::1 at 2015-03-16 12:22:51 -0400


Started GET "/assets/jquery-87424c3c19e96d4fb033c10ebe21ec40.js?body=1" for ::1 at 2015-03-16 12:22:51 -0400


Started GET "/assets/static-34e79a77c847698f70de32962b3f4d98.js?body=1" for ::1 at 2015-03-16 12:22:51 -0400


Started GET "/assets/turbolinks-f87b3583ca50adb0488b031297f5580d.js?body=1" for ::1 at 2015-03-16 12:22:51 -0400


Started GET "/assets/application-45cc1e0f90694d1378a7f208e2f7ed74.js?body=1" for ::1 at 2015-03-16 12:22:51 -0400


Started GET "/" for ::1 at 2015-03-16 12:25:07 -0400
Processing by StaticController#home as HTML
  Rendered static/home.html.erb within layouts/application (0.3ms)
Completed 200 OK in 48ms (Views: 47.1ms | ActiveRecord: 0.0ms)


Started GET "/assets/application-de322a24064a1e3b0c54e6a15c9a10b2.css?body=1" for ::1 at 2015-03-16 12:25:07 -0400


Started GET "/assets/static-ba3ed63c4e2834447d6d402739fd2ebe.css?body=1" for ::1 at 2015-03-16 12:25:07 -0400


Started GET "/assets/jquery_ujs-e27bd20a10d28155845a22d71ef94f2f.js?body=1" for ::1 at 2015-03-16 12:25:07 -0400


Started GET "/assets/turbolinks-f87b3583ca50adb0488b031297f5580d.js?body=1" for ::1 at 2015-03-16 12:25:07 -0400


Started GET "/assets/jquery-87424c3c19e96d4fb033c10ebe21ec40.js?body=1" for ::1 at 2015-03-16 12:25:07 -0400


Started GET "/assets/static-34e79a77c847698f70de32962b3f4d98.js?body=1" for ::1 at 2015-03-16 12:25:07 -0400


Started GET "/assets/application-45cc1e0f90694d1378a7f208e2f7ed74.js?body=1" for ::1 at 2015-03-16 12:25:07 -0400


Started GET "/" for ::1 at 2015-03-16 12:28:14 -0400
Processing by StaticController#home as HTML
  Rendered static/home.html.erb within layouts/application (0.5ms)
Completed 200 OK in 42ms (Views: 41.7ms | ActiveRecord: 0.0ms)


Started GET "/assets/static-ba3ed63c4e2834447d6d402739fd2ebe.css?body=1" for ::1 at 2015-03-16 12:28:14 -0400


Started GET "/assets/application-de322a24064a1e3b0c54e6a15c9a10b2.css?body=1" for ::1 at 2015-03-16 12:28:14 -0400


Started GET "/assets/static-34e79a77c847698f70de32962b3f4d98.js?body=1" for ::1 at 2015-03-16 12:28:14 -0400


Started GET "/assets/jquery-87424c3c19e96d4fb033c10ebe21ec40.js?body=1" for ::1 at 2015-03-16 12:28:14 -0400


Started GET "/assets/jquery_ujs-e27bd20a10d28155845a22d71ef94f2f.js?body=1" for ::1 at 2015-03-16 12:28:14 -0400


Started GET "/assets/turbolinks-f87b3583ca50adb0488b031297f5580d.js?body=1" for ::1 at 2015-03-16 12:28:14 -0400


Started GET "/assets/application-45cc1e0f90694d1378a7f208e2f7ed74.js?body=1" for ::1 at 2015-03-16 12:28:14 -0400


Started GET "/about" for ::1 at 2015-03-16 12:28:26 -0400
Processing by StaticController#about as HTML
  Rendered static/about.html.erb within layouts/application (0.4ms)
Completed 200 OK in 50ms (Views: 49.6ms | ActiveRecord: 0.0ms)


Started GET "/about" for ::1 at 2015-03-16 12:29:14 -0400
Processing by StaticController#about as HTML
  Rendered static/about.html.erb within layouts/application (0.4ms)
Completed 200 OK in 48ms (Views: 47.2ms | ActiveRecord: 0.0ms)


Started GET "/assets/application-de322a24064a1e3b0c54e6a15c9a10b2.css?body=1" for ::1 at 2015-03-16 12:29:14 -0400


Started GET "/assets/static-ba3ed63c4e2834447d6d402739fd2ebe.css?body=1" for ::1 at 2015-03-16 12:29:14 -0400


Started GET "/assets/turbolinks-f87b3583ca50adb0488b031297f5580d.js?body=1" for ::1 at 2015-03-16 12:29:14 -0400


Started GET "/assets/jquery_ujs-e27bd20a10d28155845a22d71ef94f2f.js?body=1" for ::1 at 2015-03-16 12:29:14 -0400


Started GET "/assets/jquery-87424c3c19e96d4fb033c10ebe21ec40.js?body=1" for ::1 at 2015-03-16 12:29:14 -0400


Started GET "/assets/static-34e79a77c847698f70de32962b3f4d98.js?body=1" for ::1 at 2015-03-16 12:29:14 -0400


Started GET "/assets/application-45cc1e0f90694d1378a7f208e2f7ed74.js?body=1" for ::1 at 2015-03-16 12:29:14 -0400


Started GET "/" for ::1 at 2015-03-16 12:29:17 -0400
Processing by StaticController#home as HTML
  Rendered static/home.html.erb within layouts/application (0.4ms)
Completed 200 OK in 57ms (Views: 56.6ms | ActiveRecord: 0.0ms)


Started GET "/about" for ::1 at 2015-03-16 12:29:18 -0400
Processing by StaticController#about as HTML
  Rendered static/about.html.erb within layouts/application (0.0ms)
Completed 200 OK in 46ms (Views: 45.6ms | ActiveRecord: 0.0ms)


Started GET "/cat-pictures" for ::1 at 2015-03-16 12:29:19 -0400
Processing by StaticController#cats as HTML
  Rendered static/cats.html.erb within layouts/application (0.6ms)
Completed 200 OK in 885ms (Views: 44.9ms | ActiveRecord: 0.0ms)


Started GET "/cat-pictures" for ::1 at 2015-03-16 12:29:58 -0400
Processing by StaticController#cats as HTML
  Rendered static/cats.html.erb within layouts/application (0.6ms)
Completed 200 OK in 912ms (Views: 58.4ms | ActiveRecord: 0.0ms)


Started GET "/assets/static-ba3ed63c4e2834447d6d402739fd2ebe.css?body=1" for ::1 at 2015-03-16 12:29:59 -0400


Started GET "/assets/application-de322a24064a1e3b0c54e6a15c9a10b2.css?body=1" for ::1 at 2015-03-16 12:29:59 -0400


Started GET "/assets/jquery_ujs-e27bd20a10d28155845a22d71ef94f2f.js?body=1" for ::1 at 2015-03-16 12:29:59 -0400


Started GET "/assets/static-34e79a77c847698f70de32962b3f4d98.js?body=1" for ::1 at 2015-03-16 12:29:59 -0400


Started GET "/assets/jquery-87424c3c19e96d4fb033c10ebe21ec40.js?body=1" for ::1 at 2015-03-16 12:29:59 -0400


Started GET "/assets/turbolinks-f87b3583ca50adb0488b031297f5580d.js?body=1" for ::1 at 2015-03-16 12:29:59 -0400


Started GET "/assets/application-45cc1e0f90694d1378a7f208e2f7ed74.js?body=1" for ::1 at 2015-03-16 12:29:59 -0400


Started GET "/" for ::1 at 2015-03-16 12:30:05 -0400
Processing by StaticController#home as HTML
  Rendered static/home.html.erb within layouts/application (0.0ms)
Completed 200 OK in 51ms (Views: 50.9ms | ActiveRecord: 0.0ms)


Started GET "/" for ::1 at 2015-03-16 12:30:15 -0400
Processing by StaticController#home as HTML
  Rendered static/home.html.erb within layouts/application (0.3ms)
Completed 200 OK in 55ms (Views: 54.9ms | ActiveRecord: 0.0ms)


Started GET "/assets/application-de322a24064a1e3b0c54e6a15c9a10b2.css?body=1" for ::1 at 2015-03-16 12:30:15 -0400


Started GET "/assets/jquery-87424c3c19e96d4fb033c10ebe21ec40.js?body=1" for ::1 at 2015-03-16 12:30:15 -0400


Started GET "/assets/jquery_ujs-e27bd20a10d28155845a22d71ef94f2f.js?body=1" for ::1 at 2015-03-16 12:30:15 -0400


Started GET "/assets/static-ba3ed63c4e2834447d6d402739fd2ebe.css?body=1" for ::1 at 2015-03-16 12:30:15 -0400


Started GET "/assets/turbolinks-f87b3583ca50adb0488b031297f5580d.js?body=1" for ::1 at 2015-03-16 12:30:15 -0400


Started GET "/assets/static-34e79a77c847698f70de32962b3f4d98.js?body=1" for ::1 at 2015-03-16 12:30:15 -0400


Started GET "/assets/application-45cc1e0f90694d1378a7f208e2f7ed74.js?body=1" for ::1 at 2015-03-16 12:30:15 -0400


Started GET "/" for ::1 at 2015-03-16 12:30:18 -0400
Processing by StaticController#home as HTML
  Rendered static/home.html.erb within layouts/application (0.0ms)
Completed 200 OK in 47ms (Views: 46.6ms | ActiveRecord: 0.0ms)


Started GET "/about" for ::1 at 2015-03-16 12:30:19 -0400
Processing by StaticController#about as HTML
  Rendered static/about.html.erb within layouts/application (0.1ms)
Completed 200 OK in 48ms (Views: 47.2ms | ActiveRecord: 0.0ms)


Started GET "/" for ::1 at 2015-03-16 12:30:20 -0400
Processing by StaticController#home as HTML
  Rendered static/home.html.erb within layouts/application (0.1ms)
Completed 200 OK in 45ms (Views: 44.6ms | ActiveRecord: 0.0ms)


Started GET "/about" for ::1 at 2015-03-16 12:30:23 -0400
Processing by StaticController#about as HTML
  Rendered static/about.html.erb within layouts/application (0.0ms)
Completed 200 OK in 44ms (Views: 43.7ms | ActiveRecord: 0.0ms)


Started GET "/" for ::1 at 2015-03-16 12:30:25 -0400
Processing by StaticController#home as HTML
  Rendered static/home.html.erb within layouts/application (0.1ms)
Completed 200 OK in 49ms (Views: 48.3ms | ActiveRecord: 0.0ms)


Started GET "/about" for ::1 at 2015-03-16 12:30:26 -0400
Processing by StaticController#about as HTML
  Rendered static/about.html.erb within layouts/application (0.0ms)
Completed 200 OK in 46ms (Views: 46.0ms | ActiveRecord: 0.0ms)


Started GET "/" for ::1 at 2015-03-16 12:30:28 -0400
Processing by StaticController#home as HTML
  Rendered static/home.html.erb within layouts/application (0.1ms)
Completed 200 OK in 54ms (Views: 53.7ms | ActiveRecord: 0.0ms)


Started GET "/about" for ::1 at 2015-03-16 12:30:29 -0400
Processing by StaticController#about as HTML
  Rendered static/about.html.erb within layouts/application (0.0ms)
Completed 200 OK in 46ms (Views: 45.7ms | ActiveRecord: 0.0ms)


Started GET "/" for ::1 at 2015-03-16 12:30:32 -0400
Processing by StaticController#home as HTML
  Rendered static/home.html.erb within layouts/application (0.0ms)
Completed 200 OK in 46ms (Views: 45.5ms | ActiveRecord: 0.0ms)


Started GET "/about" for ::1 at 2015-03-16 12:30:33 -0400
Processing by StaticController#about as HTML
  Rendered static/about.html.erb within layouts/application (0.1ms)
Completed 200 OK in 49ms (Views: 48.5ms | ActiveRecord: 0.0ms)


Started GET "/cat-pictures" for ::1 at 2015-03-16 12:30:33 -0400
Processing by StaticController#cats as HTML
  Rendered static/cats.html.erb within layouts/application (0.1ms)
Completed 200 OK in 767ms (Views: 46.2ms | ActiveRecord: 0.0ms)


Started GET "/cat-pictures" for ::1 at 2015-03-16 12:30:38 -0400
Processing by StaticController#cats as HTML
  Rendered static/cats.html.erb within layouts/application (0.1ms)
Completed 200 OK in 726ms (Views: 47.0ms | ActiveRecord: 0.0ms)


Started GET "/cat-pictures" for ::1 at 2015-03-16 12:30:41 -0400
Processing by StaticController#cats as HTML
  Rendered static/cats.html.erb within layouts/application (0.2ms)
Completed 200 OK in 774ms (Views: 46.2ms | ActiveRecord: 0.0ms)


Started GET "/cat-pictures" for ::1 at 2015-03-16 12:30:45 -0400
Processing by StaticController#cats as HTML
  Rendered static/cats.html.erb within layouts/application (0.3ms)
Completed 200 OK in 747ms (Views: 45.7ms | ActiveRecord: 0.0ms)


Started GET "/cat-pictures/3" for ::1 at 2015-03-16 12:30:53 -0400
Processing by StaticController#cats as HTML
  Parameters: {"number_of_cats"=>"3"}
  Rendered static/cats.html.erb within layouts/application (0.1ms)
Completed 200 OK in 786ms (Views: 49.9ms | ActiveRecord: 0.0ms)


Started GET "/assets/static-ba3ed63c4e2834447d6d402739fd2ebe.css?body=1" for ::1 at 2015-03-16 12:30:54 -0400


Started GET "/assets/turbolinks-f87b3583ca50adb0488b031297f5580d.js?body=1" for ::1 at 2015-03-16 12:30:54 -0400


Started GET "/assets/application-de322a24064a1e3b0c54e6a15c9a10b2.css?body=1" for ::1 at 2015-03-16 12:30:54 -0400


Started GET "/assets/jquery-87424c3c19e96d4fb033c10ebe21ec40.js?body=1" for ::1 at 2015-03-16 12:30:54 -0400


Started GET "/assets/jquery_ujs-e27bd20a10d28155845a22d71ef94f2f.js?body=1" for ::1 at 2015-03-16 12:30:54 -0400


Started GET "/assets/static-34e79a77c847698f70de32962b3f4d98.js?body=1" for ::1 at 2015-03-16 12:30:54 -0400


Started GET "/assets/application-45cc1e0f90694d1378a7f208e2f7ed74.js?body=1" for ::1 at 2015-03-16 12:30:54 -0400


Started GET "/cat-pictures/5" for ::1 at 2015-03-16 12:31:09 -0400
Processing by StaticController#cats as HTML
  Parameters: {"number_of_cats"=>"5"}
  Rendered static/cats.html.erb within layouts/application (0.1ms)
Completed 200 OK in 760ms (Views: 44.0ms | ActiveRecord: 0.0ms)


Started GET "/assets/static-ba3ed63c4e2834447d6d402739fd2ebe.css?body=1" for ::1 at 2015-03-16 12:31:10 -0400


Started GET "/assets/application-de322a24064a1e3b0c54e6a15c9a10b2.css?body=1" for ::1 at 2015-03-16 12:31:10 -0400


Started GET "/assets/turbolinks-f87b3583ca50adb0488b031297f5580d.js?body=1" for ::1 at 2015-03-16 12:31:10 -0400


Started GET "/assets/jquery_ujs-e27bd20a10d28155845a22d71ef94f2f.js?body=1" for ::1 at 2015-03-16 12:31:10 -0400


Started GET "/assets/static-34e79a77c847698f70de32962b3f4d98.js?body=1" for ::1 at 2015-03-16 12:31:10 -0400


Started GET "/assets/jquery-87424c3c19e96d4fb033c10ebe21ec40.js?body=1" for ::1 at 2015-03-16 12:31:10 -0400


Started GET "/assets/application-45cc1e0f90694d1378a7f208e2f7ed74.js?body=1" for ::1 at 2015-03-16 12:31:10 -0400


Started GET "/" for ::1 at 2015-03-16 12:31:28 -0400
Processing by StaticController#home as HTML
  Rendered static/home.html.erb within layouts/application (0.1ms)
Completed 200 OK in 51ms (Views: 50.3ms | ActiveRecord: 0.0ms)


Started GET "/about" for ::1 at 2015-03-16 12:31:49 -0400
Processing by StaticController#about as HTML
  Rendered static/about.html.erb within layouts/application (0.0ms)
Completed 200 OK in 45ms (Views: 44.8ms | ActiveRecord: 0.0ms)


Started GET "/cat-pictures" for ::1 at 2015-03-16 12:31:50 -0400
Processing by StaticController#cats as HTML
  Rendered static/cats.html.erb within layouts/application (0.1ms)
Completed 200 OK in 772ms (Views: 45.9ms | ActiveRecord: 0.0ms)


Started GET "/" for ::1 at 2015-03-16 12:32:02 -0400
Processing by StaticController#home as HTML
  Rendered static/home.html.erb within layouts/application (0.0ms)
Completed 200 OK in 45ms (Views: 45.0ms | ActiveRecord: 0.0ms)


Started GET "/" for ::1 at 2015-03-16 12:32:30 -0400
Processing by StaticController#home as HTML
  Rendered static/home.html.erb within layouts/application (0.1ms)
Completed 200 OK in 59ms (Views: 58.6ms | ActiveRecord: 0.0ms)


Started GET "/about" for ::1 at 2015-03-16 12:32:30 -0400
Processing by StaticController#about as HTML
  Rendered static/about.html.erb within layouts/application (0.1ms)
Completed 200 OK in 47ms (Views: 46.5ms | ActiveRecord: 0.0ms)


Started GET "/" for ::1 at 2015-03-16 12:32:32 -0400
Processing by StaticController#home as HTML
  Rendered static/home.html.erb within layouts/application (0.1ms)
Completed 200 OK in 50ms (Views: 49.1ms | ActiveRecord: 0.0ms)


Started GET "/about" for ::1 at 2015-03-16 12:32:32 -0400
Processing by StaticController#about as HTML
  Rendered static/about.html.erb within layouts/application (0.0ms)
Completed 200 OK in 54ms (Views: 53.1ms | ActiveRecord: 0.0ms)


Started GET "/cat-pictures" for ::1 at 2015-03-16 12:32:33 -0400
Processing by StaticController#cats as HTML
  Rendered static/cats.html.erb within layouts/application (0.1ms)
Completed 200 OK in 814ms (Views: 40.0ms | ActiveRecord: 0.0ms)


Started GET "/" for ::1 at 2015-03-16 12:32:36 -0400
Processing by StaticController#home as HTML
  Rendered static/home.html.erb within layouts/application (0.1ms)
Completed 200 OK in 52ms (Views: 51.6ms | ActiveRecord: 0.0ms)


Started GET "/" for ::1 at 2015-03-16 12:50:25 -0400

Gem::LoadError (Specified 'sqlite3' for database adapter, but the gem is not loaded. Add `gem 'sqlite3'` to your Gemfile (and ensure its version is at the minimum required by ActiveRecord).):
  activerecord (4.2.0) lib/active_record/connection_adapters/connection_specification.rb:177:in `rescue in spec'
  activerecord (4.2.0) lib/active_record/connection_adapters/connection_specification.rb:174:in `spec'
  activerecord (4.2.0) lib/active_record/connection_handling.rb:50:in `establish_connection'
  activerecord (4.2.0) lib/active_record/railtie.rb:120:in `block (2 levels) in <class:Railtie>'
  activesupport (4.2.0) lib/active_support/lazy_load_hooks.rb:38:in `instance_eval'
  activesupport (4.2.0) lib/active_support/lazy_load_hooks.rb:38:in `execute_hook'
  activesupport (4.2.0) lib/active_support/lazy_load_hooks.rb:45:in `block in run_load_hooks'
  activesupport (4.2.0) lib/active_support/lazy_load_hooks.rb:44:in `each'
  activesupport (4.2.0) lib/active_support/lazy_load_hooks.rb:44:in `run_load_hooks'
  activerecord (4.2.0) lib/active_record/base.rb:316:in `<module:ActiveRecord>'
  activerecord (4.2.0) lib/active_record/base.rb:26:in `<top (required)>'
  activerecord (4.2.0) lib/active_record/migration.rb:384:in `connection'
  activerecord (4.2.0) lib/active_record/migration.rb:371:in `call'
  actionpack (4.2.0) lib/action_dispatch/middleware/callbacks.rb:29:in `block in call'
  activesupport (4.2.0) lib/active_support/callbacks.rb:88:in `call'
  activesupport (4.2.0) lib/active_support/callbacks.rb:88:in `_run_callbacks'
  activesupport (4.2.0) lib/active_support/callbacks.rb:734:in `_run_call_callbacks'
  activesupport (4.2.0) lib/active_support/callbacks.rb:81:in `run_callbacks'
  actionpack (4.2.0) lib/action_dispatch/middleware/callbacks.rb:27:in `call'
  actionpack (4.2.0) lib/action_dispatch/middleware/reloader.rb:73:in `call'
  actionpack (4.2.0) lib/action_dispatch/middleware/remote_ip.rb:78:in `call'
  actionpack (4.2.0) lib/action_dispatch/middleware/debug_exceptions.rb:17:in `call'
  web-console (2.1.2) lib/web_console/middleware.rb:37:in `call'
  actionpack (4.2.0) lib/action_dispatch/middleware/show_exceptions.rb:30:in `call'
  railties (4.2.0) lib/rails/rack/logger.rb:38:in `call_app'
  railties (4.2.0) lib/rails/rack/logger.rb:20:in `block in call'
  activesupport (4.2.0) lib/active_support/tagged_logging.rb:68:in `block in tagged'
  activesupport (4.2.0) lib/active_support/tagged_logging.rb:26:in `tagged'
  activesupport (4.2.0) lib/active_support/tagged_logging.rb:68:in `tagged'
  railties (4.2.0) lib/rails/rack/logger.rb:20:in `call'
  actionpack (4.2.0) lib/action_dispatch/middleware/request_id.rb:21:in `call'
  rack (1.6.0) lib/rack/methodoverride.rb:22:in `call'
  rack (1.6.0) lib/rack/runtime.rb:18:in `call'
  activesupport (4.2.0) lib/active_support/cache/strategy/local_cache_middleware.rb:28:in `call'
  rack (1.6.0) lib/rack/lock.rb:17:in `call'
  actionpack (4.2.0) lib/action_dispatch/middleware/static.rb:113:in `call'
  rack (1.6.0) lib/rack/sendfile.rb:113:in `call'
  railties (4.2.0) lib/rails/engine.rb:518:in `call'
  railties (4.2.0) lib/rails/application.rb:164:in `call'
  rack (1.6.0) lib/rack/lock.rb:17:in `call'
  rack (1.6.0) lib/rack/content_length.rb:15:in `call'
  rack (1.6.0) lib/rack/handler/webrick.rb:89:in `service'
  /Users/jakecrandell/.rbenv/versions/2.1.2/lib/ruby/2.1.0/webrick/httpserver.rb:138:in `service'
  /Users/jakecrandell/.rbenv/versions/2.1.2/lib/ruby/2.1.0/webrick/httpserver.rb:94:in `run'
  /Users/jakecrandell/.rbenv/versions/2.1.2/lib/ruby/2.1.0/webrick/server.rb:295:in `block in start_thread'


  Rendered /Users/jakecrandell/.rbenv/versions/2.1.2/lib/ruby/gems/2.1.0/gems/actionpack-4.2.0/lib/action_dispatch/middleware/templates/rescues/_source.erb (3.3ms)
  Rendered /Users/jakecrandell/.rbenv/versions/2.1.2/lib/ruby/gems/2.1.0/gems/actionpack-4.2.0/lib/action_dispatch/middleware/templates/rescues/_trace.html.erb (1.8ms)
  Rendered /Users/jakecrandell/.rbenv/versions/2.1.2/lib/ruby/gems/2.1.0/gems/actionpack-4.2.0/lib/action_dispatch/middleware/templates/rescues/_request_and_response.html.erb (1.0ms)
  Rendered /Users/jakecrandell/.rbenv/versions/2.1.2/lib/ruby/gems/2.1.0/gems/actionpack-4.2.0/lib/action_dispatch/middleware/templates/rescues/diagnostics.html.erb within rescues/layout (24.8ms)
  Rendered /Users/jakecrandell/.rbenv/versions/2.1.2/lib/ruby/gems/2.1.0/gems/web-console-2.1.2/lib/web_console/templates/_markup.html.erb (0.3ms)
  Rendered /Users/jakecrandell/.rbenv/versions/2.1.2/lib/ruby/gems/2.1.0/gems/web-console-2.1.2/lib/web_console/templates/style.css.erb within layouts/inlined_string (0.4ms)
  Rendered /Users/jakecrandell/.rbenv/versions/2.1.2/lib/ruby/gems/2.1.0/gems/web-console-2.1.2/lib/web_console/templates/_inner_console_markup.html.erb within layouts/inlined_string (0.3ms)
  Rendered /Users/jakecrandell/.rbenv/versions/2.1.2/lib/ruby/gems/2.1.0/gems/web-console-2.1.2/lib/web_console/templates/_prompt_box_markup.html.erb within layouts/inlined_string (0.2ms)
  Rendered /Users/jakecrandell/.rbenv/versions/2.1.2/lib/ruby/gems/2.1.0/gems/web-console-2.1.2/lib/web_console/templates/console.js.erb within layouts/javascript (19.4ms)
  Rendered /Users/jakecrandell/.rbenv/versions/2.1.2/lib/ruby/gems/2.1.0/gems/web-console-2.1.2/lib/web_console/templates/main.js.erb within layouts/javascript (0.4ms)
  Rendered /Users/jakecrandell/.rbenv/versions/2.1.2/lib/ruby/gems/2.1.0/gems/web-console-2.1.2/lib/web_console/templates/error_page.js.erb within layouts/javascript (0.3ms)
  Rendered /Users/jakecrandell/.rbenv/versions/2.1.2/lib/ruby/gems/2.1.0/gems/web-console-2.1.2/lib/web_console/templates/index.html.erb (45.0ms)


Started GET "/" for ::1 at 2015-03-16 12:50:39 -0400

Gem::LoadError (Specified 'sqlite3' for database adapter, but the gem is not loaded. Add `gem 'sqlite3'` to your Gemfile (and ensure its version is at the minimum required by ActiveRecord).):
  activerecord (4.2.0) lib/active_record/connection_adapters/connection_specification.rb:177:in `rescue in spec'
  activerecord (4.2.0) lib/active_record/connection_adapters/connection_specification.rb:174:in `spec'
  activerecord (4.2.0) lib/active_record/connection_handling.rb:50:in `establish_connection'
  activerecord (4.2.0) lib/active_record/railtie.rb:120:in `block (2 levels) in <class:Railtie>'
  activesupport (4.2.0) lib/active_support/lazy_load_hooks.rb:38:in `instance_eval'
  activesupport (4.2.0) lib/active_support/lazy_load_hooks.rb:38:in `execute_hook'
  activesupport (4.2.0) lib/active_support/lazy_load_hooks.rb:45:in `block in run_load_hooks'
  activesupport (4.2.0) lib/active_support/lazy_load_hooks.rb:44:in `each'
  activesupport (4.2.0) lib/active_support/lazy_load_hooks.rb:44:in `run_load_hooks'
  activerecord (4.2.0) lib/active_record/base.rb:316:in `<module:ActiveRecord>'
  activerecord (4.2.0) lib/active_record/base.rb:26:in `<top (required)>'
  activerecord (4.2.0) lib/active_record/migration.rb:384:in `connection'
  activerecord (4.2.0) lib/active_record/migration.rb:371:in `call'
  actionpack (4.2.0) lib/action_dispatch/middleware/callbacks.rb:29:in `block in call'
  activesupport (4.2.0) lib/active_support/callbacks.rb:88:in `call'
  activesupport (4.2.0) lib/active_support/callbacks.rb:88:in `_run_callbacks'
  activesupport (4.2.0) lib/active_support/callbacks.rb:734:in `_run_call_callbacks'
  activesupport (4.2.0) lib/active_support/callbacks.rb:81:in `run_callbacks'
  actionpack (4.2.0) lib/action_dispatch/middleware/callbacks.rb:27:in `call'
  actionpack (4.2.0) lib/action_dispatch/middleware/reloader.rb:73:in `call'
  actionpack (4.2.0) lib/action_dispatch/middleware/remote_ip.rb:78:in `call'
  actionpack (4.2.0) lib/action_dispatch/middleware/debug_exceptions.rb:17:in `call'
  web-console (2.1.2) lib/web_console/middleware.rb:37:in `call'
  actionpack (4.2.0) lib/action_dispatch/middleware/show_exceptions.rb:30:in `call'
  railties (4.2.0) lib/rails/rack/logger.rb:38:in `call_app'
  railties (4.2.0) lib/rails/rack/logger.rb:20:in `block in call'
  activesupport (4.2.0) lib/active_support/tagged_logging.rb:68:in `block in tagged'
  activesupport (4.2.0) lib/active_support/tagged_logging.rb:26:in `tagged'
  activesupport (4.2.0) lib/active_support/tagged_logging.rb:68:in `tagged'
  railties (4.2.0) lib/rails/rack/logger.rb:20:in `call'
  actionpack (4.2.0) lib/action_dispatch/middleware/request_id.rb:21:in `call'
  rack (1.6.0) lib/rack/methodoverride.rb:22:in `call'
  rack (1.6.0) lib/rack/runtime.rb:18:in `call'
  activesupport (4.2.0) lib/active_support/cache/strategy/local_cache_middleware.rb:28:in `call'
  rack (1.6.0) lib/rack/lock.rb:17:in `call'
  actionpack (4.2.0) lib/action_dispatch/middleware/static.rb:113:in `call'
  rack (1.6.0) lib/rack/sendfile.rb:113:in `call'
  railties (4.2.0) lib/rails/engine.rb:518:in `call'
  railties (4.2.0) lib/rails/application.rb:164:in `call'
  rack (1.6.0) lib/rack/lock.rb:17:in `call'
  rack (1.6.0) lib/rack/content_length.rb:15:in `call'
  rack (1.6.0) lib/rack/handler/webrick.rb:89:in `service'
  /Users/jakecrandell/.rbenv/versions/2.1.2/lib/ruby/2.1.0/webrick/httpserver.rb:138:in `service'
  /Users/jakecrandell/.rbenv/versions/2.1.2/lib/ruby/2.1.0/webrick/httpserver.rb:94:in `run'
  /Users/jakecrandell/.rbenv/versions/2.1.2/lib/ruby/2.1.0/webrick/server.rb:295:in `block in start_thread'


  Rendered /Users/jakecrandell/.rbenv/versions/2.1.2/lib/ruby/gems/2.1.0/gems/actionpack-4.2.0/lib/action_dispatch/middleware/templates/rescues/_source.erb (3.3ms)
  Rendered /Users/jakecrandell/.rbenv/versions/2.1.2/lib/ruby/gems/2.1.0/gems/actionpack-4.2.0/lib/action_dispatch/middleware/templates/rescues/_trace.html.erb (1.5ms)
  Rendered /Users/jakecrandell/.rbenv/versions/2.1.2/lib/ruby/gems/2.1.0/gems/actionpack-4.2.0/lib/action_dispatch/middleware/templates/rescues/_request_and_response.html.erb (0.7ms)
  Rendered /Users/jakecrandell/.rbenv/versions/2.1.2/lib/ruby/gems/2.1.0/gems/actionpack-4.2.0/lib/action_dispatch/middleware/templates/rescues/diagnostics.html.erb within rescues/layout (17.1ms)
  Rendered /Users/jakecrandell/.rbenv/versions/2.1.2/lib/ruby/gems/2.1.0/gems/web-console-2.1.2/lib/web_console/templates/_markup.html.erb (0.3ms)
  Rendered /Users/jakecrandell/.rbenv/versions/2.1.2/lib/ruby/gems/2.1.0/gems/web-console-2.1.2/lib/web_console/templates/style.css.erb within layouts/inlined_string (0.2ms)
  Rendered /Users/jakecrandell/.rbenv/versions/2.1.2/lib/ruby/gems/2.1.0/gems/web-console-2.1.2/lib/web_console/templates/_inner_console_markup.html.erb within layouts/inlined_string (0.2ms)
  Rendered /Users/jakecrandell/.rbenv/versions/2.1.2/lib/ruby/gems/2.1.0/gems/web-console-2.1.2/lib/web_console/templates/_prompt_box_markup.html.erb within layouts/inlined_string (0.2ms)
  Rendered /Users/jakecrandell/.rbenv/versions/2.1.2/lib/ruby/gems/2.1.0/gems/web-console-2.1.2/lib/web_console/templates/console.js.erb within layouts/javascript (13.5ms)
  Rendered /Users/jakecrandell/.rbenv/versions/2.1.2/lib/ruby/gems/2.1.0/gems/web-console-2.1.2/lib/web_console/templates/main.js.erb within layouts/javascript (0.4ms)
  Rendered /Users/jakecrandell/.rbenv/versions/2.1.2/lib/ruby/gems/2.1.0/gems/web-console-2.1.2/lib/web_console/templates/error_page.js.erb within layouts/javascript (0.5ms)
  Rendered /Users/jakecrandell/.rbenv/versions/2.1.2/lib/ruby/gems/2.1.0/gems/web-console-2.1.2/lib/web_console/templates/index.html.erb (32.5ms)


Started GET "/" for ::1 at 2015-03-16 12:50:41 -0400

Gem::LoadError (Specified 'sqlite3' for database adapter, but the gem is not loaded. Add `gem 'sqlite3'` to your Gemfile (and ensure its version is at the minimum required by ActiveRecord).):
  activerecord (4.2.0) lib/active_record/connection_adapters/connection_specification.rb:177:in `rescue in spec'
  activerecord (4.2.0) lib/active_record/connection_adapters/connection_specification.rb:174:in `spec'
  activerecord (4.2.0) lib/active_record/connection_handling.rb:50:in `establish_connection'
  activerecord (4.2.0) lib/active_record/railtie.rb:120:in `block (2 levels) in <class:Railtie>'
  activesupport (4.2.0) lib/active_support/lazy_load_hooks.rb:38:in `instance_eval'
  activesupport (4.2.0) lib/active_support/lazy_load_hooks.rb:38:in `execute_hook'
  activesupport (4.2.0) lib/active_support/lazy_load_hooks.rb:45:in `block in run_load_hooks'
  activesupport (4.2.0) lib/active_support/lazy_load_hooks.rb:44:in `each'
  activesupport (4.2.0) lib/active_support/lazy_load_hooks.rb:44:in `run_load_hooks'
  activerecord (4.2.0) lib/active_record/base.rb:316:in `<module:ActiveRecord>'
  activerecord (4.2.0) lib/active_record/base.rb:26:in `<top (required)>'
  activerecord (4.2.0) lib/active_record/migration.rb:384:in `connection'
  activerecord (4.2.0) lib/active_record/migration.rb:371:in `call'
  actionpack (4.2.0) lib/action_dispatch/middleware/callbacks.rb:29:in `block in call'
  activesupport (4.2.0) lib/active_support/callbacks.rb:88:in `call'
  activesupport (4.2.0) lib/active_support/callbacks.rb:88:in `_run_callbacks'
  activesupport (4.2.0) lib/active_support/callbacks.rb:734:in `_run_call_callbacks'
  activesupport (4.2.0) lib/active_support/callbacks.rb:81:in `run_callbacks'
  actionpack (4.2.0) lib/action_dispatch/middleware/callbacks.rb:27:in `call'
  actionpack (4.2.0) lib/action_dispatch/middleware/reloader.rb:73:in `call'
  actionpack (4.2.0) lib/action_dispatch/middleware/remote_ip.rb:78:in `call'
  actionpack (4.2.0) lib/action_dispatch/middleware/debug_exceptions.rb:17:in `call'
  web-console (2.1.2) lib/web_console/middleware.rb:37:in `call'
  actionpack (4.2.0) lib/action_dispatch/middleware/show_exceptions.rb:30:in `call'
  railties (4.2.0) lib/rails/rack/logger.rb:38:in `call_app'
  railties (4.2.0) lib/rails/rack/logger.rb:20:in `block in call'
  activesupport (4.2.0) lib/active_support/tagged_logging.rb:68:in `block in tagged'
  activesupport (4.2.0) lib/active_support/tagged_logging.rb:26:in `tagged'
  activesupport (4.2.0) lib/active_support/tagged_logging.rb:68:in `tagged'
  railties (4.2.0) lib/rails/rack/logger.rb:20:in `call'
  actionpack (4.2.0) lib/action_dispatch/middleware/request_id.rb:21:in `call'
  rack (1.6.0) lib/rack/methodoverride.rb:22:in `call'
  rack (1.6.0) lib/rack/runtime.rb:18:in `call'
  activesupport (4.2.0) lib/active_support/cache/strategy/local_cache_middleware.rb:28:in `call'
  rack (1.6.0) lib/rack/lock.rb:17:in `call'
  actionpack (4.2.0) lib/action_dispatch/middleware/static.rb:113:in `call'
  rack (1.6.0) lib/rack/sendfile.rb:113:in `call'
  railties (4.2.0) lib/rails/engine.rb:518:in `call'
  railties (4.2.0) lib/rails/application.rb:164:in `call'
  rack (1.6.0) lib/rack/lock.rb:17:in `call'
  rack (1.6.0) lib/rack/content_length.rb:15:in `call'
  rack (1.6.0) lib/rack/handler/webrick.rb:89:in `service'
  /Users/jakecrandell/.rbenv/versions/2.1.2/lib/ruby/2.1.0/webrick/httpserver.rb:138:in `service'
  /Users/jakecrandell/.rbenv/versions/2.1.2/lib/ruby/2.1.0/webrick/httpserver.rb:94:in `run'
  /Users/jakecrandell/.rbenv/versions/2.1.2/lib/ruby/2.1.0/webrick/server.rb:295:in `block in start_thread'


  Rendered /Users/jakecrandell/.rbenv/versions/2.1.2/lib/ruby/gems/2.1.0/gems/actionpack-4.2.0/lib/action_dispatch/middleware/templates/rescues/_source.erb (2.9ms)
  Rendered /Users/jakecrandell/.rbenv/versions/2.1.2/lib/ruby/gems/2.1.0/gems/actionpack-4.2.0/lib/action_dispatch/middleware/templates/rescues/_trace.html.erb (1.6ms)
  Rendered /Users/jakecrandell/.rbenv/versions/2.1.2/lib/ruby/gems/2.1.0/gems/actionpack-4.2.0/lib/action_dispatch/middleware/templates/rescues/_request_and_response.html.erb (0.9ms)
  Rendered /Users/jakecrandell/.rbenv/versions/2.1.2/lib/ruby/gems/2.1.0/gems/actionpack-4.2.0/lib/action_dispatch/middleware/templates/rescues/diagnostics.html.erb within rescues/layout (17.2ms)
  Rendered /Users/jakecrandell/.rbenv/versions/2.1.2/lib/ruby/gems/2.1.0/gems/web-console-2.1.2/lib/web_console/templates/_markup.html.erb (0.2ms)
  Rendered /Users/jakecrandell/.rbenv/versions/2.1.2/lib/ruby/gems/2.1.0/gems/web-console-2.1.2/lib/web_console/templates/style.css.erb within layouts/inlined_string (0.2ms)
  Rendered /Users/jakecrandell/.rbenv/versions/2.1.2/lib/ruby/gems/2.1.0/gems/web-console-2.1.2/lib/web_console/templates/_inner_console_markup.html.erb within layouts/inlined_string (0.2ms)
  Rendered /Users/jakecrandell/.rbenv/versions/2.1.2/lib/ruby/gems/2.1.0/gems/web-console-2.1.2/lib/web_console/templates/_prompt_box_markup.html.erb within layouts/inlined_string (0.3ms)
  Rendered /Users/jakecrandell/.rbenv/versions/2.1.2/lib/ruby/gems/2.1.0/gems/web-console-2.1.2/lib/web_console/templates/console.js.erb within layouts/javascript (13.7ms)
  Rendered /Users/jakecrandell/.rbenv/versions/2.1.2/lib/ruby/gems/2.1.0/gems/web-console-2.1.2/lib/web_console/templates/main.js.erb within layouts/javascript (0.2ms)
  Rendered /Users/jakecrandell/.rbenv/versions/2.1.2/lib/ruby/gems/2.1.0/gems/web-console-2.1.2/lib/web_console/templates/error_page.js.erb within layouts/javascript (0.5ms)
  Rendered /Users/jakecrandell/.rbenv/versions/2.1.2/lib/ruby/gems/2.1.0/gems/web-console-2.1.2/lib/web_console/templates/index.html.erb (30.8ms)


Started GET "/" for ::1 at 2015-03-16 12:50:57 -0400
Processing by StaticController#home as HTML
  Rendered static/home.html.erb within layouts/application (1.5ms)
Completed 200 OK in 101ms (Views: 92.3ms | ActiveRecord: 0.0ms)


Started GET "/assets/jquery-87424c3c19e96d4fb033c10ebe21ec40.js?body=1" for ::1 at 2015-03-16 12:50:57 -0400


Started GET "/assets/turbolinks-f87b3583ca50adb0488b031297f5580d.js?body=1" for ::1 at 2015-03-16 12:50:57 -0400


Started GET "/assets/application-de322a24064a1e3b0c54e6a15c9a10b2.css?body=1" for ::1 at 2015-03-16 12:50:57 -0400


Started GET "/assets/static-34e79a77c847698f70de32962b3f4d98.js?body=1" for ::1 at 2015-03-16 12:50:57 -0400


Started GET "/assets/application-45cc1e0f90694d1378a7f208e2f7ed74.js?body=1" for ::1 at 2015-03-16 12:50:57 -0400


Started GET "/assets/static-ba3ed63c4e2834447d6d402739fd2ebe.css?body=1" for ::1 at 2015-03-16 12:50:58 -0400


Started GET "/assets/jquery_ujs-e27bd20a10d28155845a22d71ef94f2f.js?body=1" for ::1 at 2015-03-16 12:50:58 -0400


Started GET "/" for ::1 at 2015-03-16 12:51:00 -0400
Processing by StaticController#home as HTML
  Rendered static/home.html.erb within layouts/application (0.3ms)
Completed 200 OK in 50ms (Views: 49.4ms | ActiveRecord: 0.0ms)


Started GET "/about" for ::1 at 2015-03-16 12:51:00 -0400
Processing by StaticController#about as HTML
  Rendered static/about.html.erb within layouts/application (0.5ms)
Completed 200 OK in 47ms (Views: 46.6ms | ActiveRecord: 0.0ms)


Started GET "/cat-pictures" for ::1 at 2015-03-16 12:51:01 -0400
Processing by StaticController#cats as HTML
  Rendered static/cats.html.erb within layouts/application (0.5ms)
Completed 200 OK in 869ms (Views: 54.1ms | ActiveRecord: 0.0ms)


Started GET "/" for ::1 at 2015-03-16 12:51:04 -0400
Processing by StaticController#home as HTML
  Rendered static/home.html.erb within layouts/application (0.0ms)
Completed 200 OK in 47ms (Views: 46.2ms | ActiveRecord: 0.0ms)


Started GET "/" for ::1 at 2015-03-16 13:31:00 -0400
Processing by StaticController#home as HTML
  Rendered static/home.html.erb within layouts/application (2.0ms)
Completed 200 OK in 111ms (Views: 101.5ms | ActiveRecord: 0.0ms)


Started GET "/assets/turbolinks-f87b3583ca50adb0488b031297f5580d.js?body=1" for ::1 at 2015-03-16 13:31:00 -0400


Started GET "/assets/static-ba3ed63c4e2834447d6d402739fd2ebe.css?body=1" for ::1 at 2015-03-16 13:31:00 -0400


Started GET "/assets/application-de322a24064a1e3b0c54e6a15c9a10b2.css?body=1" for ::1 at 2015-03-16 13:31:00 -0400


Started GET "/assets/static-34e79a77c847698f70de32962b3f4d98.js?body=1" for ::1 at 2015-03-16 13:31:00 -0400


Started GET "/assets/jquery-87424c3c19e96d4fb033c10ebe21ec40.js?body=1" for ::1 at 2015-03-16 13:31:00 -0400


Started GET "/assets/jquery_ujs-e27bd20a10d28155845a22d71ef94f2f.js?body=1" for ::1 at 2015-03-16 13:31:00 -0400


Started GET "/assets/application-45cc1e0f90694d1378a7f208e2f7ed74.js?body=1" for ::1 at 2015-03-16 13:31:00 -0400
